<?xml version="1.0" encoding="UTF-8"?>
<testsuite xmlns:xsi="http://www.w3.org/2001/XMLSchema-instance" xsi:noNamespaceSchemaLocation="https://maven.apache.org/surefire/maven-surefire-plugin/xsd/surefire-test-report-3.0.xsd" version="3.0" name="TestSuite" time="104.364" tests="10" errors="0" skipped="0" failures="0">
  <properties>
[...]
</properties>
  <testcase name="BrowserAutomation" classname="rocksolicitors.SeleniumTest" time="88.03">
    <system-out><![CDATA[[TestNGContentHandler] [WARN] It is strongly recommended to add "<!DOCTYPE suite SYSTEM "https://testng.org/testng-1.0.dtd" >" at the top of your file, otherwise TestNG may fail or not work as expected.
System Starting Up
Preparing Environment for testing. This should always execute before any test.

Starting BrowserAutomation Test
BrowserAutomation
Validating refer to a friend button
Test BrowserAutomation Completed Successfully
]]></system-out>
    <system-err><![CDATA[Starting ChromeDriver 85.0.4183.87 (cd6713ebf92fa1cacc0f1a598df280093af0c5d7-refs/branch-heads/4183@{#1689}) on port 14873
Only local connections are allowed.
Please see https://chromedriver.chromium.org/security-considerations for suggestions on keeping ChromeDriver safe.
ChromeDriver was started successfully.
Sep 13, 2020 6:04:44 PM org.openqa.selenium.remote.ProtocolHandshake createSession
INFO: Detected dialect: W3C
]]></system-err>
  </testcase>
  <testcase name="elements" classname="rocksolicitors.SeleniumTest" time="0.002">
    <system-out><![CDATA[Starting elements Test
elements
Test elements Completed Successfully
]]></system-out>
  </testcase>
  <testcase name="postJira" classname="rocksolicitors.RESTAPITest" time="0.002">
    <system-out><![CDATA[Starting postJira Test
postJira
Test postJira Completed Successfully
]]></system-out>
  </testcase>
  <testcase name="deleteTwitter" classname="rocksolicitors.RESTAPITest" time="0.003">
    <system-out><![CDATA[Starting deleteTwitter Test
deleteTwitter
Test deleteTwitter Completed Successfully
]]></system-out>
  </testcase>
  <testcase name="NativeAppAndroid" classname="rocksolicitors.AppiumTest" time="0.002">
    <system-out><![CDATA[Starting NativeAppAndroid Test
NativeAppAndroid
Test NativeAppAndroid Completed Successfully
]]></system-out>
  </testcase>
  <testcase name="IOSApps" classname="rocksolicitors.AppiumTest" time="0.001">
    <system-out><![CDATA[Starting IOSApps Test
IOSApps
Test IOSApps Completed Successfully
]]></system-out>
  </testcase>
  <testcase name="SymbianAPP" classname="rocksolicitors.AppiumTest" time="0.001">
    <system-out><![CDATA[Starting SymbianAPP Test
SymbianAPP
Test SymbianAPP Completed Successfully
]]></system-out>
  </testcase>
  <testcase name="mobileWebLogin" classname="rocksolicitors.TabletTest" time="0.003">
    <system-out><![CDATA[Starting mobileWebLogin Test
mobileWebLogin
Test mobileWebLogin Completed Successfully
]]></system-out>
  </testcase>
  <testcase name="checkHomePage" classname="rocksolicitors.TabletTest" time="0.002">
    <system-out><![CDATA[Starting checkHomePage Test
checkHomePage
Test checkHomePage Completed Successfully
]]></system-out>
  </testcase>
  <testcase name="tearDown" classname="rocksolicitors.TabletTest" time="0.002">
    <system-out><![CDATA[Starting tearDown Test
tearDown

Test tearDown Completed Successfully
]]></system-out>
  </testcase>
</testsuite>