<?xml version="1.0" encoding="UTF-8"?>
<!-- Generated by org.testng.reporters.JUnitXMLReporter -->
<testsuite ignored="0" hostname="DESKTOP-TBSD3T7" failures="0" tests="10" name="First Maven Project" time="103.281" errors="0" timestamp="2020-09-13T18:06:24 BST">
  <testcase classname="rocksolicitors.SeleniumTest" name="BrowserAutomation" time="88.057"/>
  <testcase classname="rocksolicitors.SeleniumTest" name="elements" time="0.001"/>
  <testcase classname="rocksolicitors.RESTAPITest" name="postJira" time="0.0"/>
  <testcase classname="rocksolicitors.RESTAPITest" name="deleteTwitter" time="0.001"/>
  <testcase classname="rocksolicitors.AppiumTest" name="NativeAppAndroid" time="0.0"/>
  <testcase classname="rocksolicitors.AppiumTest" name="IOSApps" time="0.0"/>
  <testcase classname="rocksolicitors.AppiumTest" name="SymbianAPP" time="0.0"/>
  <testcase classname="rocksolicitors.TabletTest" name="mobileWebLogin" time="0.0"/>
  <testcase classname="rocksolicitors.TabletTest" name="checkHomePage" time="0.0"/>
  <testcase classname="rocksolicitors.TabletTest" name="tearDown" time="0.0"/>
</testsuite> <!-- First Maven Project -->
