<?xml version="1.0" encoding="UTF-8"?>
<!-- Generated by org.testng.reporters.JUnitXMLReporter -->
<testsuite ignored="0" hostname="DESKTOP-TBSD3T7" failures="0" tests="6" name="Mobile Test" time="0.88" errors="0" timestamp="2020-09-09T12:47:09 BST">
  <testcase classname="rocksolicitors.AppiumTest" name="NativeAppAndroid" time="0.0"/>
  <testcase classname="rocksolicitors.AppiumTest" name="IOSApps" time="0.0"/>
  <testcase classname="rocksolicitors.AppiumTest" name="SymbianAPP" time="0.001"/>
  <testcase classname="rocksolicitors.TabletTest" name="mobileWebLogin" time="0.0"/>
  <testcase classname="rocksolicitors.TabletTest" name="checkHomePage" time="0.0"/>
  <testcase classname="rocksolicitors.TabletTest" name="tearDown" time="0.0"/>
</testsuite> <!-- Mobile Test -->
